<?xml version="1.0" encoding="UTF-8"?>
<!-- Generated by org.testng.reporters.JUnitReportReporter -->
<testsuite skipped="0" hostname="Basavaraj-PC" name="com.qa.sessions.LaunchBrowser" tests="1" failures="0" timestamp="02 Mar 2019 10:53:03 GMT" time="8.252" errors="0">
  <testcase name="test" time="8.252" classname="com.qa.sessions.LaunchBrowser"/>
</testsuite> <!-- com.qa.sessions.LaunchBrowser -->
