<?xml version="1.0" encoding="UTF-8"?>
<!-- Generated by org.testng.reporters.JUnitReportReporter -->
<testsuite skipped="0" hostname="Basavaraj-PC" name="com.qa.test.DemoTest" tests="4" failures="0" timestamp="05 Mar 2019 02:25:58 GMT" time="0.026" errors="0">
  <testcase name="sub" time="0.001" classname="com.qa.test.DemoTest"/>
  <testcase name="sum" time="0.001" classname="com.qa.test.DemoTest"/>
  <testcase name="div" time="0.019" classname="com.qa.test.DemoTest"/>
  <testcase name="mult" time="0.005" classname="com.qa.test.DemoTest"/>
</testsuite> <!-- com.qa.test.DemoTest -->
